<?xml version="1.0" encoding="UTF-8"?>
<!-- Generated by org.testng.reporters.JUnitReportReporter -->
<testsuite skipped="0" hostname="LAPTOP-L8TRNUCI" name="com.test.LoginTest" tests="4" failures="0" timestamp="10 Dec 2021 08:41:38 GMT" time="0.630" errors="0">
  <testcase name="loginTitle" time="0.020" classname="com.test.LoginTest"/>
  <testcase name="loginLogo" time="0.093" classname="com.test.LoginTest"/>
  <testcase name="loginLable" time="0.039" classname="com.test.LoginTest"/>
  <testcase name="loginApp" time="0.478" classname="com.test.LoginTest"/>
</testsuite> <!-- com.test.LoginTest -->
